  Camera.cpp
  Collision.cpp
  Light.cpp
  Main.cpp
c:\users\james\desktop\jamesmckay s5068494\mcg_gfx_framework_v1\mcg_gfx_framework\tracer.h(17): warning C4305: 'initializing': truncation from 'double' to 'float'
c:\users\james\desktop\jamesmckay s5068494\mcg_gfx_framework_v1\mcg_gfx_framework\main.cpp(105): warning C4018: '<': signed/unsigned mismatch
c:\users\james\desktop\jamesmckay s5068494\mcg_gfx_framework_v1\mcg_gfx_framework\main.cpp(110): warning C4018: '<': signed/unsigned mismatch
  MCG_GFX_Lib.cpp
  Ray.cpp
  Sphere.cpp
  Tracer.cpp
c:\users\james\desktop\jamesmckay s5068494\mcg_gfx_framework_v1\mcg_gfx_framework\tracer.h(17): warning C4305: 'initializing': truncation from 'double' to 'float'
c:\users\james\desktop\jamesmckay s5068494\mcg_gfx_framework_v1\mcg_gfx_framework\tracer.cpp(77): warning C4244: 'initializing': conversion from 'unsigned int' to 'float', possible loss of data
c:\users\james\desktop\jamesmckay s5068494\mcg_gfx_framework_v1\mcg_gfx_framework\tracer.cpp(143): warning C4018: '<': signed/unsigned mismatch
c:\users\james\desktop\jamesmckay s5068494\mcg_gfx_framework_v1\mcg_gfx_framework\tracer.cpp(166): warning C4018: '<': signed/unsigned mismatch
  Generating code
  491 of 501 functions (98.0%) were compiled, the rest were copied from previous compilation.
    3 functions were new in current compilation
    0 functions had inline decision re-evaluated but remain unchanged
  Finished generating code
  MCG_GFX_Framework.vcxproj -> C:\Users\james\Desktop\JamesMckay s5068494\MCG_GFX_Framework_v1\Release\MCG_GFX_Framework.exe
